2020-01-04 15:54:04,365 ERROR 16260 [-/127.0.0.1/-/191ms POST /v1/saveUser] nodejs.ENOENTError: ENOENT: no such file or directory, open 'C:\Users\leibin\Desktop\program\programs\shoppingMall\server\app\public\avatar\157812444433086l9f6jafh10g9-_5e0efe11b4e2a71fd4d0c320.png'
ENOENTError: ENOENT: no such file or directory, open 'C:\Users\leibin\Desktop\program\programs\shoppingMall\server\app\public\avatar\157812444433086l9f6jafh10g9-_5e0efe11b4e2a71fd4d0c320.png'
errno: -4058
code: "ENOENT"
syscall: "open"
path: "C:\\Users\\leibin\\Desktop\\program\\programs\\shoppingMall\\server\\app\\public\\avatar\\157812444433086l9f6jafh10g9-_5e0efe11b4e2a71fd4d0c320.png"
name: "ENOENTError"
pid: 16260
hostname: leibin

2020-01-04 15:57:14,391 ERROR 16260 [-/127.0.0.1/-/5ms POST /v1/saveUser] nodejs.ENOENTError: ENOENT: no such file or directory, open 'C:\Users\leibin\Desktop\program\programs\shoppingMall\server\app\public\avatar\157812463438986l9f6jafh10g9-_5e0efe11b4e2a71fd4d0c320.png'
ENOENTError: ENOENT: no such file or directory, open 'C:\Users\leibin\Desktop\program\programs\shoppingMall\server\app\public\avatar\157812463438986l9f6jafh10g9-_5e0efe11b4e2a71fd4d0c320.png'
errno: -4058
code: "ENOENT"
syscall: "open"
path: "C:\\Users\\leibin\\Desktop\\program\\programs\\shoppingMall\\server\\app\\public\\avatar\\157812463438986l9f6jafh10g9-_5e0efe11b4e2a71fd4d0c320.png"
name: "ENOENTError"
pid: 16260
hostname: leibin

2020-01-04 15:59:59,586 ERROR 16260 [-/127.0.0.1/-/2ms POST /v1/saveUser] nodejs.ENOENTError: ENOENT: no such file or directory, open 'C:\Users\leibin\Desktop\program\programs\shoppingMall\server\app\public\avatar\157812479958486l9f6jafh10g9-_5e0efe11b4e2a71fd4d0c320.png'
ENOENTError: ENOENT: no such file or directory, open 'C:\Users\leibin\Desktop\program\programs\shoppingMall\server\app\public\avatar\157812479958486l9f6jafh10g9-_5e0efe11b4e2a71fd4d0c320.png'
errno: -4058
code: "ENOENT"
syscall: "open"
path: "C:\\Users\\leibin\\Desktop\\program\\programs\\shoppingMall\\server\\app\\public\\avatar\\157812479958486l9f6jafh10g9-_5e0efe11b4e2a71fd4d0c320.png"
name: "ENOENTError"
pid: 16260
hostname: leibin

2020-01-04 16:00:06,522 ERROR 16260 [-/127.0.0.1/-/2ms POST /v1/saveUser] nodejs.ENOENTError: ENOENT: no such file or directory, open 'C:\Users\leibin\Desktop\program\programs\shoppingMall\server\app\public\avatar\157812480652186l9f6jafh10g9-_5e0efe11b4e2a71fd4d0c320.png'
ENOENTError: ENOENT: no such file or directory, open 'C:\Users\leibin\Desktop\program\programs\shoppingMall\server\app\public\avatar\157812480652186l9f6jafh10g9-_5e0efe11b4e2a71fd4d0c320.png'
errno: -4058
code: "ENOENT"
syscall: "open"
path: "C:\\Users\\leibin\\Desktop\\program\\programs\\shoppingMall\\server\\app\\public\\avatar\\157812480652186l9f6jafh10g9-_5e0efe11b4e2a71fd4d0c320.png"
name: "ENOENTError"
pid: 16260
hostname: leibin

2020-01-04 16:03:44,318 ERROR 16260 [-/127.0.0.1/-/2ms POST /v1/saveUser] nodejs.ENOENTError: ENOENT: no such file or directory, open 'C:\Users\leibin\Desktop\program\programs\shoppingMall\server\app\public\avatar\157812502431786l9f6jafh10g9-_5e0efe11b4e2a71fd4d0c320.png'
ENOENTError: ENOENT: no such file or directory, open 'C:\Users\leibin\Desktop\program\programs\shoppingMall\server\app\public\avatar\157812502431786l9f6jafh10g9-_5e0efe11b4e2a71fd4d0c320.png'
errno: -4058
code: "ENOENT"
syscall: "open"
path: "C:\\Users\\leibin\\Desktop\\program\\programs\\shoppingMall\\server\\app\\public\\avatar\\157812502431786l9f6jafh10g9-_5e0efe11b4e2a71fd4d0c320.png"
name: "ENOENTError"
pid: 16260
hostname: leibin

2020-01-04 16:03:58,908 ERROR 16260 [-/127.0.0.1/-/1ms POST /v1/saveUser] nodejs.ENOENTError: ENOENT: no such file or directory, open 'C:\Users\leibin\Desktop\program\programs\shoppingMall\server\app\public\avatar\157812503890786l9f6jafh10g9-_5e0efe11b4e2a71fd4d0c320.png'
ENOENTError: ENOENT: no such file or directory, open 'C:\Users\leibin\Desktop\program\programs\shoppingMall\server\app\public\avatar\157812503890786l9f6jafh10g9-_5e0efe11b4e2a71fd4d0c320.png'
errno: -4058
code: "ENOENT"
syscall: "open"
path: "C:\\Users\\leibin\\Desktop\\program\\programs\\shoppingMall\\server\\app\\public\\avatar\\157812503890786l9f6jafh10g9-_5e0efe11b4e2a71fd4d0c320.png"
name: "ENOENTError"
pid: 16260
hostname: leibin

2020-01-04 16:05:31,104 ERROR 16260 [-/127.0.0.1/-/1ms POST /v1/saveUser] nodejs.ENOENTError: ENOENT: no such file or directory, open 'C:\Users\leibin\Desktop\program\programs\shoppingMall\server\app\public\avatar\157812513110386l9f6jafh10g9-_5e0efe11b4e2a71fd4d0c320.png'
ENOENTError: ENOENT: no such file or directory, open 'C:\Users\leibin\Desktop\program\programs\shoppingMall\server\app\public\avatar\157812513110386l9f6jafh10g9-_5e0efe11b4e2a71fd4d0c320.png'
errno: -4058
code: "ENOENT"
syscall: "open"
path: "C:\\Users\\leibin\\Desktop\\program\\programs\\shoppingMall\\server\\app\\public\\avatar\\157812513110386l9f6jafh10g9-_5e0efe11b4e2a71fd4d0c320.png"
name: "ENOENTError"
pid: 16260
hostname: leibin

2020-01-04 16:05:33,281 ERROR 16260 [-/127.0.0.1/-/1ms POST /v1/saveUser] nodejs.ENOENTError: ENOENT: no such file or directory, open 'C:\Users\leibin\Desktop\program\programs\shoppingMall\server\app\public\avatar\157812513328086l9f6jafh10g9-_5e0efe11b4e2a71fd4d0c320.png'
ENOENTError: ENOENT: no such file or directory, open 'C:\Users\leibin\Desktop\program\programs\shoppingMall\server\app\public\avatar\157812513328086l9f6jafh10g9-_5e0efe11b4e2a71fd4d0c320.png'
errno: -4058
code: "ENOENT"
syscall: "open"
path: "C:\\Users\\leibin\\Desktop\\program\\programs\\shoppingMall\\server\\app\\public\\avatar\\157812513328086l9f6jafh10g9-_5e0efe11b4e2a71fd4d0c320.png"
name: "ENOENTError"
pid: 16260
hostname: leibin

2020-01-04 16:05:38,693 ERROR 16260 [-/127.0.0.1/-/1ms POST /v1/saveUser] nodejs.ENOENTError: ENOENT: no such file or directory, open 'C:\Users\leibin\Desktop\program\programs\shoppingMall\server\app\public\avatar\157812513869286l9f6jafh10g9-_5e0efe11b4e2a71fd4d0c320.png'
ENOENTError: ENOENT: no such file or directory, open 'C:\Users\leibin\Desktop\program\programs\shoppingMall\server\app\public\avatar\157812513869286l9f6jafh10g9-_5e0efe11b4e2a71fd4d0c320.png'
errno: -4058
code: "ENOENT"
syscall: "open"
path: "C:\\Users\\leibin\\Desktop\\program\\programs\\shoppingMall\\server\\app\\public\\avatar\\157812513869286l9f6jafh10g9-_5e0efe11b4e2a71fd4d0c320.png"
name: "ENOENTError"
pid: 16260
hostname: leibin

2020-01-04 16:06:08,532 ERROR 16260 [-/127.0.0.1/-/2ms POST /v1/saveUser] nodejs.ENOENTError: ENOENT: no such file or directory, open 'C:\Users\leibin\Desktop\program\programs\shoppingMall\server\app\public\avatar\157812516853186l9f6jafh10g9-_5e0efe11b4e2a71fd4d0c320.png'
ENOENTError: ENOENT: no such file or directory, open 'C:\Users\leibin\Desktop\program\programs\shoppingMall\server\app\public\avatar\157812516853186l9f6jafh10g9-_5e0efe11b4e2a71fd4d0c320.png'
errno: -4058
code: "ENOENT"
syscall: "open"
path: "C:\\Users\\leibin\\Desktop\\program\\programs\\shoppingMall\\server\\app\\public\\avatar\\157812516853186l9f6jafh10g9-_5e0efe11b4e2a71fd4d0c320.png"
name: "ENOENTError"
pid: 16260
hostname: leibin

2020-01-04 16:06:17,470 ERROR 16260 [-/127.0.0.1/-/1ms POST /v1/saveUser] nodejs.ENOENTError: ENOENT: no such file or directory, open 'C:\Users\leibin\Desktop\program\programs\shoppingMall\server\app\public\avatar\157812517746986l9f6jafh10g9-_5e0efe11b4e2a71fd4d0c320.png'
ENOENTError: ENOENT: no such file or directory, open 'C:\Users\leibin\Desktop\program\programs\shoppingMall\server\app\public\avatar\157812517746986l9f6jafh10g9-_5e0efe11b4e2a71fd4d0c320.png'
errno: -4058
code: "ENOENT"
syscall: "open"
path: "C:\\Users\\leibin\\Desktop\\program\\programs\\shoppingMall\\server\\app\\public\\avatar\\157812517746986l9f6jafh10g9-_5e0efe11b4e2a71fd4d0c320.png"
name: "ENOENTError"
pid: 16260
hostname: leibin

2020-01-04 16:06:20,166 ERROR 16260 [-/127.0.0.1/-/2ms POST /v1/saveUser] nodejs.ENOENTError: ENOENT: no such file or directory, open 'C:\Users\leibin\Desktop\program\programs\shoppingMall\server\app\public\avatar\157812518016586l9f6jafh10g9-_5e0efe11b4e2a71fd4d0c320.png'
ENOENTError: ENOENT: no such file or directory, open 'C:\Users\leibin\Desktop\program\programs\shoppingMall\server\app\public\avatar\157812518016586l9f6jafh10g9-_5e0efe11b4e2a71fd4d0c320.png'
errno: -4058
code: "ENOENT"
syscall: "open"
path: "C:\\Users\\leibin\\Desktop\\program\\programs\\shoppingMall\\server\\app\\public\\avatar\\157812518016586l9f6jafh10g9-_5e0efe11b4e2a71fd4d0c320.png"
name: "ENOENTError"
pid: 16260
hostname: leibin

2020-01-04 16:06:50,579 ERROR 16260 [-/127.0.0.1/-/1ms POST /v1/saveUser] nodejs.ENOENTError: ENOENT: no such file or directory, open 'C:\Users\leibin\Desktop\program\programs\shoppingMall\server\app\public\avatar\157812521057886l9f6jafh10g9-_5e0efe11b4e2a71fd4d0c320.png'
ENOENTError: ENOENT: no such file or directory, open 'C:\Users\leibin\Desktop\program\programs\shoppingMall\server\app\public\avatar\157812521057886l9f6jafh10g9-_5e0efe11b4e2a71fd4d0c320.png'
errno: -4058
code: "ENOENT"
syscall: "open"
path: "C:\\Users\\leibin\\Desktop\\program\\programs\\shoppingMall\\server\\app\\public\\avatar\\157812521057886l9f6jafh10g9-_5e0efe11b4e2a71fd4d0c320.png"
name: "ENOENTError"
pid: 16260
hostname: leibin

2020-01-04 16:11:48,183 ERROR 16260 [-/127.0.0.1/-/2ms POST /v1/saveUser] nodejs.ENOENTError: ENOENT: no such file or directory, open 'C:\Users\leibin\Desktop\program\programs\shoppingMall\server\app\public\avatar\157812550818286l9f6jafh10g9-_5e0efe11b4e2a71fd4d0c320.png'
ENOENTError: ENOENT: no such file or directory, open 'C:\Users\leibin\Desktop\program\programs\shoppingMall\server\app\public\avatar\157812550818286l9f6jafh10g9-_5e0efe11b4e2a71fd4d0c320.png'
errno: -4058
code: "ENOENT"
syscall: "open"
path: "C:\\Users\\leibin\\Desktop\\program\\programs\\shoppingMall\\server\\app\\public\\avatar\\157812550818286l9f6jafh10g9-_5e0efe11b4e2a71fd4d0c320.png"
name: "ENOENTError"
pid: 16260
hostname: leibin

2020-01-04 16:12:05,201 ERROR 16260 [-/127.0.0.1/-/2ms POST /v1/saveUser] nodejs.ENOENTError: ENOENT: no such file or directory, open 'C:\Users\leibin\Desktop\program\programs\shoppingMall\server\app\public\avatar\157812552520086l9f6jafh10g9-_5e0efe11b4e2a71fd4d0c320.png'
ENOENTError: ENOENT: no such file or directory, open 'C:\Users\leibin\Desktop\program\programs\shoppingMall\server\app\public\avatar\157812552520086l9f6jafh10g9-_5e0efe11b4e2a71fd4d0c320.png'
errno: -4058
code: "ENOENT"
syscall: "open"
path: "C:\\Users\\leibin\\Desktop\\program\\programs\\shoppingMall\\server\\app\\public\\avatar\\157812552520086l9f6jafh10g9-_5e0efe11b4e2a71fd4d0c320.png"
name: "ENOENTError"
pid: 16260
hostname: leibin

2020-01-04 16:12:16,968 ERROR 16260 [-/127.0.0.1/-/1ms POST /v1/saveUser] nodejs.ENOENTError: ENOENT: no such file or directory, open 'C:\Users\leibin\Desktop\program\programs\shoppingMall\server\app\public\avatar\157812553696786l9f6jafh10g9-_5e0efe11b4e2a71fd4d0c320.png'
ENOENTError: ENOENT: no such file or directory, open 'C:\Users\leibin\Desktop\program\programs\shoppingMall\server\app\public\avatar\157812553696786l9f6jafh10g9-_5e0efe11b4e2a71fd4d0c320.png'
errno: -4058
code: "ENOENT"
syscall: "open"
path: "C:\\Users\\leibin\\Desktop\\program\\programs\\shoppingMall\\server\\app\\public\\avatar\\157812553696786l9f6jafh10g9-_5e0efe11b4e2a71fd4d0c320.png"
name: "ENOENTError"
pid: 16260
hostname: leibin

2020-01-04 16:19:53,222 ERROR 16260 [-/127.0.0.1/-/2ms POST /v1/saveUser] nodejs.ENOENTError: ENOENT: no such file or directory, open 'C:\Users\leibin\Desktop\program\programs\shoppingMall\server\app\public\avatar\1578125993222f10+lg6gaa-aa3gkiaa5e0de5cd836967513cc64d2f.png'
ENOENTError: ENOENT: no such file or directory, open 'C:\Users\leibin\Desktop\program\programs\shoppingMall\server\app\public\avatar\1578125993222f10+lg6gaa-aa3gkiaa5e0de5cd836967513cc64d2f.png'
errno: -4058
code: "ENOENT"
syscall: "open"
path: "C:\\Users\\leibin\\Desktop\\program\\programs\\shoppingMall\\server\\app\\public\\avatar\\1578125993222f10+lg6gaa-aa3gkiaa5e0de5cd836967513cc64d2f.png"
name: "ENOENTError"
pid: 16260
hostname: leibin

2020-01-04 16:33:47,436 ERROR 16260 [-/127.0.0.1/-/3ms POST /v1/saveUser] nodejs.ENOENTError: ENOENT: no such file or directory, open 'C:\Users\leibin\Desktop\program\programs\shoppingMall\server\app\public\avatar\1578126827434f10+lg6gaa-aa3gkiaa5e0de5cd836967513cc64d2f.png'
ENOENTError: ENOENT: no such file or directory, open 'C:\Users\leibin\Desktop\program\programs\shoppingMall\server\app\public\avatar\1578126827434f10+lg6gaa-aa3gkiaa5e0de5cd836967513cc64d2f.png'
errno: -4058
code: "ENOENT"
syscall: "open"
path: "C:\\Users\\leibin\\Desktop\\program\\programs\\shoppingMall\\server\\app\\public\\avatar\\1578126827434f10+lg6gaa-aa3gkiaa5e0de5cd836967513cc64d2f.png"
name: "ENOENTError"
pid: 16260
hostname: leibin

